<?xml version="1.0" encoding="utf-8" standalone="no"?>
<test-results xmlns:xsi="http://www.w3.org/2001/XMLSchema-instance" xsi:noNamespaceSchemaLocation="nunit_schema_2.5.xsd" name="Pester" total="106" errors="0" failures="1" not-run="0" inconclusive="0" ignored="0" skipped="0" invalid="0" date="2024-05-28" time="15:19:22">
  <environment platform="Microsoft Windows 10 Pro|C:\WINDOWS|\Device\Harddisk0\Partition2" os-version="10.0.19044" machine-name="JLA-LOFTHTPC" user="Owner" nunit-version="2.5.8.0" cwd="E:\Owner\Documents\Google Drive\Programs\Scripts\PowerShell\Export-Permission" clr-version="Unknown" user-domain="JLA-LoftHTPC" />
  <culture-info current-culture="en-US" current-uiculture="en-US" />
  <test-suite type="TestFixture" name="Pester" executed="True" result="Failure" success="False" time="5.4981" asserts="0" description="Pester">
    <results>
      <test-suite type="TestFixture" name="E:\Owner\Documents\Google Drive\Programs\Scripts\PowerShell\Export-Permission\tests\Export-Permission.tests.ps1" executed="True" result="Success" success="True" time="1.2576" asserts="0" description="E:\Owner\Documents\Google Drive\Programs\Scripts\PowerShell\Export-Permission\tests\Export-Permission.tests.ps1">
        <results>
          <test-suite type="TestFixture" name="Should include BUILTIN\Guests" executed="True" result="Success" success="True" time="0.3861" asserts="0" description="Should include BUILTIN\Guests">
            <results>
              <test-case description="the test" name="Should include BUILTIN\Guests.the test" time="0.2626" asserts="0" success="True" result="Success" executed="True" />
            </results>
          </test-suite>
        </results>
      </test-suite>
      <test-suite type="TestFixture" name="E:\Owner\Documents\Google Drive\Programs\Scripts\PowerShell\Export-Permission\tests\SourceCode.tests.ps1" executed="True" result="Failure" success="False" time="4.2405" asserts="0" description="E:\Owner\Documents\Google Drive\Programs\Scripts\PowerShell\Export-Permission\tests\SourceCode.tests.ps1">
        <results>
          <test-suite type="TestFixture" name="PowerShell script file info for 'Export-Permission'" executed="True" result="Success" success="True" time="0.272" asserts="0" description="PowerShell script file info for 'Export-Permission'">
            <results>
              <test-case description=" Specify a valid version" name="PowerShell script file info for 'Export-Permission'. Specify a valid version" time="0.0289" asserts="0" success="True" result="Success" executed="True" />
              <test-case description=" Specify an author" name="PowerShell script file info for 'Export-Permission'. Specify an author" time="0.0272" asserts="0" success="True" result="Success" executed="True" />
              <test-case description=" Specify a valid guid" name="PowerShell script file info for 'Export-Permission'. Specify a valid guid" time="0.0555" asserts="0" success="True" result="Success" executed="True" />
              <test-case description=" Specify a copyright" name="PowerShell script file info for 'Export-Permission'. Specify a copyright" time="0.0202" asserts="0" success="True" result="Success" executed="True" />
              <test-case description=" Specify a company name" name="PowerShell script file info for 'Export-Permission'. Specify a company name" time="0.0182" asserts="0" success="True" result="Success" executed="True" />
              <test-case description=" Specify a valid license URI" name="PowerShell script file info for 'Export-Permission'. Specify a valid license URI" time="0.0362" asserts="0" success="True" result="Success" executed="True" />
              <test-case description=" Specify a valid project URI" name="PowerShell script file info for 'Export-Permission'. Specify a valid project URI" time="0.0439" asserts="0" success="True" result="Success" executed="True" />
            </results>
          </test-suite>
          <test-suite type="TestFixture" name="help for 'Export-Permission.ps1'" executed="True" result="Failure" success="False" time="3.5349" asserts="0" description="help for 'Export-Permission.ps1'">
            <results>
              <test-suite type="TestFixture" name="help for 'Export-Permission.ps1'.- Help for parameter 'AccountConvention'" executed="True" result="Success" success="True" time="0.5027" asserts="0" description="help for 'Export-Permission.ps1'.- Help for parameter 'AccountConvention'">
                <results>
                  <test-suite type="ParameterizedTest" name="help for '&lt;_.Name&gt;'.- Help for parameter '&lt;_.commandParameter.Name&gt;'.has a description" executed="True" result="Success" success="True" time="0.0537" asserts="0" description="has a description">
                    <results>
                      <test-case description="has a description" name="help for 'Export-Permission.ps1'.- Help for parameter 'AccountConvention'.has a description" time="0.0537" asserts="0" success="True" result="Success" executed="True" />
                    </results>
                  </test-suite>
                  <test-suite type="ParameterizedTest" name="help for '&lt;_.Name&gt;'.- Help for parameter '&lt;_.commandParameter.Name&gt;'.has the correct [mandatory] value" executed="True" result="Success" success="True" time="0.0237" asserts="0" description="has the correct [mandatory] value">
                    <results>
                      <test-case description="has the correct [mandatory] value" name="help for 'Export-Permission.ps1'.- Help for parameter 'AccountConvention'.has the correct [mandatory] value" time="0.0237" asserts="0" success="True" result="Success" executed="True" />
                    </results>
                  </test-suite>
                  <test-suite type="ParameterizedTest" name="help for '&lt;_.Name&gt;'.- Help for parameter '&lt;_.commandParameter.Name&gt;'.has the correct parameter type" executed="True" result="Success" success="True" time="0.0342" asserts="0" description="has the correct parameter type">
                    <results>
                      <test-case description="has the correct parameter type" name="help for 'Export-Permission.ps1'.- Help for parameter 'AccountConvention'.has the correct parameter type" time="0.0342" asserts="0" success="True" result="Success" executed="True" />
                    </results>
                  </test-suite>
                </results>
              </test-suite>
              <test-suite type="TestFixture" name="help for 'Export-Permission.ps1'.- Help for parameter 'Detail'" executed="True" result="Success" success="True" time="0.5892" asserts="0" description="help for 'Export-Permission.ps1'.- Help for parameter 'Detail'">
                <results>
                  <test-suite type="ParameterizedTest" name="help for '&lt;_.Name&gt;'.- Help for parameter '&lt;_.commandParameter.Name&gt;'.has a description" executed="True" result="Success" success="True" time="0.0089" asserts="0" description="has a description">
                    <results>
                      <test-case description="has a description" name="help for 'Export-Permission.ps1'.- Help for parameter 'Detail'.has a description" time="0.0089" asserts="0" success="True" result="Success" executed="True" />
                    </results>
                  </test-suite>
                  <test-suite type="ParameterizedTest" name="help for '&lt;_.Name&gt;'.- Help for parameter '&lt;_.commandParameter.Name&gt;'.has the correct [mandatory] value" executed="True" result="Success" success="True" time="0.0078" asserts="0" description="has the correct [mandatory] value">
                    <results>
                      <test-case description="has the correct [mandatory] value" name="help for 'Export-Permission.ps1'.- Help for parameter 'Detail'.has the correct [mandatory] value" time="0.0078" asserts="0" success="True" result="Success" executed="True" />
                    </results>
                  </test-suite>
                  <test-suite type="ParameterizedTest" name="help for '&lt;_.Name&gt;'.- Help for parameter '&lt;_.commandParameter.Name&gt;'.has the correct parameter type" executed="True" result="Success" success="True" time="0.0076" asserts="0" description="has the correct parameter type">
                    <results>
                      <test-case description="has the correct parameter type" name="help for 'Export-Permission.ps1'.- Help for parameter 'Detail'.has the correct parameter type" time="0.0076" asserts="0" success="True" result="Success" executed="True" />
                    </results>
                  </test-suite>
                </results>
              </test-suite>
              <test-suite type="TestFixture" name="help for 'Export-Permission.ps1'.- Help for parameter 'ExcludeAccount'" executed="True" result="Success" success="True" time="0.6583" asserts="0" description="help for 'Export-Permission.ps1'.- Help for parameter 'ExcludeAccount'">
                <results>
                  <test-suite type="ParameterizedTest" name="help for '&lt;_.Name&gt;'.- Help for parameter '&lt;_.commandParameter.Name&gt;'.has a description" executed="True" result="Success" success="True" time="0.0138" asserts="0" description="has a description">
                    <results>
                      <test-case description="has a description" name="help for 'Export-Permission.ps1'.- Help for parameter 'ExcludeAccount'.has a description" time="0.0138" asserts="0" success="True" result="Success" executed="True" />
                    </results>
                  </test-suite>
                  <test-suite type="ParameterizedTest" name="help for '&lt;_.Name&gt;'.- Help for parameter '&lt;_.commandParameter.Name&gt;'.has the correct [mandatory] value" executed="True" result="Success" success="True" time="0.0222" asserts="0" description="has the correct [mandatory] value">
                    <results>
                      <test-case description="has the correct [mandatory] value" name="help for 'Export-Permission.ps1'.- Help for parameter 'ExcludeAccount'.has the correct [mandatory] value" time="0.0222" asserts="0" success="True" result="Success" executed="True" />
                    </results>
                  </test-suite>
                  <test-suite type="ParameterizedTest" name="help for '&lt;_.Name&gt;'.- Help for parameter '&lt;_.commandParameter.Name&gt;'.has the correct parameter type" executed="True" result="Success" success="True" time="0.0126" asserts="0" description="has the correct parameter type">
                    <results>
                      <test-case description="has the correct parameter type" name="help for 'Export-Permission.ps1'.- Help for parameter 'ExcludeAccount'.has the correct parameter type" time="0.0126" asserts="0" success="True" result="Success" executed="True" />
                    </results>
                  </test-suite>
                </results>
              </test-suite>
              <test-suite type="TestFixture" name="help for 'Export-Permission.ps1'.- Help for parameter 'ExcludeClass'" executed="True" result="Success" success="True" time="0.7264" asserts="0" description="help for 'Export-Permission.ps1'.- Help for parameter 'ExcludeClass'">
                <results>
                  <test-suite type="ParameterizedTest" name="help for '&lt;_.Name&gt;'.- Help for parameter '&lt;_.commandParameter.Name&gt;'.has a description" executed="True" result="Success" success="True" time="0.0109" asserts="0" description="has a description">
                    <results>
                      <test-case description="has a description" name="help for 'Export-Permission.ps1'.- Help for parameter 'ExcludeClass'.has a description" time="0.0109" asserts="0" success="True" result="Success" executed="True" />
                    </results>
                  </test-suite>
                  <test-suite type="ParameterizedTest" name="help for '&lt;_.Name&gt;'.- Help for parameter '&lt;_.commandParameter.Name&gt;'.has the correct [mandatory] value" executed="True" result="Success" success="True" time="0.0257" asserts="0" description="has the correct [mandatory] value">
                    <results>
                      <test-case description="has the correct [mandatory] value" name="help for 'Export-Permission.ps1'.- Help for parameter 'ExcludeClass'.has the correct [mandatory] value" time="0.0257" asserts="0" success="True" result="Success" executed="True" />
                    </results>
                  </test-suite>
                  <test-suite type="ParameterizedTest" name="help for '&lt;_.Name&gt;'.- Help for parameter '&lt;_.commandParameter.Name&gt;'.has the correct parameter type" executed="True" result="Success" success="True" time="0.0096" asserts="0" description="has the correct parameter type">
                    <results>
                      <test-case description="has the correct parameter type" name="help for 'Export-Permission.ps1'.- Help for parameter 'ExcludeClass'.has the correct parameter type" time="0.0096" asserts="0" success="True" result="Success" executed="True" />
                    </results>
                  </test-suite>
                </results>
              </test-suite>
              <test-suite type="TestFixture" name="help for 'Export-Permission.ps1'.- Help for parameter 'FileFormat'" executed="True" result="Success" success="True" time="0.7898" asserts="0" description="help for 'Export-Permission.ps1'.- Help for parameter 'FileFormat'">
                <results>
                  <test-suite type="ParameterizedTest" name="help for '&lt;_.Name&gt;'.- Help for parameter '&lt;_.commandParameter.Name&gt;'.has a description" executed="True" result="Success" success="True" time="0.0123" asserts="0" description="has a description">
                    <results>
                      <test-case description="has a description" name="help for 'Export-Permission.ps1'.- Help for parameter 'FileFormat'.has a description" time="0.0123" asserts="0" success="True" result="Success" executed="True" />
                    </results>
                  </test-suite>
                  <test-suite type="ParameterizedTest" name="help for '&lt;_.Name&gt;'.- Help for parameter '&lt;_.commandParameter.Name&gt;'.has the correct [mandatory] value" executed="True" result="Success" success="True" time="0.0108" asserts="0" description="has the correct [mandatory] value">
                    <results>
                      <test-case description="has the correct [mandatory] value" name="help for 'Export-Permission.ps1'.- Help for parameter 'FileFormat'.has the correct [mandatory] value" time="0.0108" asserts="0" success="True" result="Success" executed="True" />
                    </results>
                  </test-suite>
                  <test-suite type="ParameterizedTest" name="help for '&lt;_.Name&gt;'.- Help for parameter '&lt;_.commandParameter.Name&gt;'.has the correct parameter type" executed="True" result="Success" success="True" time="0.0101" asserts="0" description="has the correct parameter type">
                    <results>
                      <test-case description="has the correct parameter type" name="help for 'Export-Permission.ps1'.- Help for parameter 'FileFormat'.has the correct parameter type" time="0.0101" asserts="0" success="True" result="Success" executed="True" />
                    </results>
                  </test-suite>
                </results>
              </test-suite>
              <test-suite type="TestFixture" name="help for 'Export-Permission.ps1'.- Help for parameter 'GroupBy'" executed="True" result="Success" success="True" time="1.0077" asserts="0" description="help for 'Export-Permission.ps1'.- Help for parameter 'GroupBy'">
                <results>
                  <test-suite type="ParameterizedTest" name="help for '&lt;_.Name&gt;'.- Help for parameter '&lt;_.commandParameter.Name&gt;'.has a description" executed="True" result="Success" success="True" time="0.0079" asserts="0" description="has a description">
                    <results>
                      <test-case description="has a description" name="help for 'Export-Permission.ps1'.- Help for parameter 'GroupBy'.has a description" time="0.0079" asserts="0" success="True" result="Success" executed="True" />
                    </results>
                  </test-suite>
                  <test-suite type="ParameterizedTest" name="help for '&lt;_.Name&gt;'.- Help for parameter '&lt;_.commandParameter.Name&gt;'.has the correct [mandatory] value" executed="True" result="Success" success="True" time="0.1566" asserts="0" description="has the correct [mandatory] value">
                    <results>
                      <test-case description="has the correct [mandatory] value" name="help for 'Export-Permission.ps1'.- Help for parameter 'GroupBy'.has the correct [mandatory] value" time="0.1566" asserts="0" success="True" result="Success" executed="True" />
                    </results>
                  </test-suite>
                  <test-suite type="ParameterizedTest" name="help for '&lt;_.Name&gt;'.- Help for parameter '&lt;_.commandParameter.Name&gt;'.has the correct parameter type" executed="True" result="Success" success="True" time="0.0201" asserts="0" description="has the correct parameter type">
                    <results>
                      <test-case description="has the correct parameter type" name="help for 'Export-Permission.ps1'.- Help for parameter 'GroupBy'.has the correct parameter type" time="0.0201" asserts="0" success="True" result="Success" executed="True" />
                    </results>
                  </test-suite>
                </results>
              </test-suite>
              <test-suite type="TestFixture" name="help for 'Export-Permission.ps1'.- Help for parameter 'IgnoreDomain'" executed="True" result="Success" success="True" time="1.2097" asserts="0" description="help for 'Export-Permission.ps1'.- Help for parameter 'IgnoreDomain'">
                <results>
                  <test-suite type="ParameterizedTest" name="help for '&lt;_.Name&gt;'.- Help for parameter '&lt;_.commandParameter.Name&gt;'.has a description" executed="True" result="Success" success="True" time="0.0319" asserts="0" description="has a description">
                    <results>
                      <test-case description="has a description" name="help for 'Export-Permission.ps1'.- Help for parameter 'IgnoreDomain'.has a description" time="0.0319" asserts="0" success="True" result="Success" executed="True" />
                    </results>
                  </test-suite>
                  <test-suite type="ParameterizedTest" name="help for '&lt;_.Name&gt;'.- Help for parameter '&lt;_.commandParameter.Name&gt;'.has the correct [mandatory] value" executed="True" result="Success" success="True" time="0.1112" asserts="0" description="has the correct [mandatory] value">
                    <results>
                      <test-case description="has the correct [mandatory] value" name="help for 'Export-Permission.ps1'.- Help for parameter 'IgnoreDomain'.has the correct [mandatory] value" time="0.1112" asserts="0" success="True" result="Success" executed="True" />
                    </results>
                  </test-suite>
                  <test-suite type="ParameterizedTest" name="help for '&lt;_.Name&gt;'.- Help for parameter '&lt;_.commandParameter.Name&gt;'.has the correct parameter type" executed="True" result="Success" success="True" time="0.045" asserts="0" description="has the correct parameter type">
                    <results>
                      <test-case description="has the correct parameter type" name="help for 'Export-Permission.ps1'.- Help for parameter 'IgnoreDomain'.has the correct parameter type" time="0.045" asserts="0" success="True" result="Success" executed="True" />
                    </results>
                  </test-suite>
                </results>
              </test-suite>
              <test-suite type="TestFixture" name="help for 'Export-Permission.ps1'.- Help for parameter 'IncludeAccount'" executed="True" result="Success" success="True" time="1.351" asserts="0" description="help for 'Export-Permission.ps1'.- Help for parameter 'IncludeAccount'">
                <results>
                  <test-suite type="ParameterizedTest" name="help for '&lt;_.Name&gt;'.- Help for parameter '&lt;_.commandParameter.Name&gt;'.has a description" executed="True" result="Success" success="True" time="0.0368" asserts="0" description="has a description">
                    <results>
                      <test-case description="has a description" name="help for 'Export-Permission.ps1'.- Help for parameter 'IncludeAccount'.has a description" time="0.0368" asserts="0" success="True" result="Success" executed="True" />
                    </results>
                  </test-suite>
                  <test-suite type="ParameterizedTest" name="help for '&lt;_.Name&gt;'.- Help for parameter '&lt;_.commandParameter.Name&gt;'.has the correct [mandatory] value" executed="True" result="Success" success="True" time="0.0389" asserts="0" description="has the correct [mandatory] value">
                    <results>
                      <test-case description="has the correct [mandatory] value" name="help for 'Export-Permission.ps1'.- Help for parameter 'IncludeAccount'.has the correct [mandatory] value" time="0.0389" asserts="0" success="True" result="Success" executed="True" />
                    </results>
                  </test-suite>
                  <test-suite type="ParameterizedTest" name="help for '&lt;_.Name&gt;'.- Help for parameter '&lt;_.commandParameter.Name&gt;'.has the correct parameter type" executed="True" result="Success" success="True" time="0.0175" asserts="0" description="has the correct parameter type">
                    <results>
                      <test-case description="has the correct parameter type" name="help for 'Export-Permission.ps1'.- Help for parameter 'IncludeAccount'.has the correct parameter type" time="0.0175" asserts="0" success="True" result="Success" executed="True" />
                    </results>
                  </test-suite>
                </results>
              </test-suite>
              <test-suite type="TestFixture" name="help for 'Export-Permission.ps1'.- Help for parameter 'InheritanceFlagResolved'" executed="True" result="Success" success="True" time="1.4625" asserts="0" description="help for 'Export-Permission.ps1'.- Help for parameter 'InheritanceFlagResolved'">
                <results>
                  <test-suite type="ParameterizedTest" name="help for '&lt;_.Name&gt;'.- Help for parameter '&lt;_.commandParameter.Name&gt;'.has a description" executed="True" result="Success" success="True" time="0.0216" asserts="0" description="has a description">
                    <results>
                      <test-case description="has a description" name="help for 'Export-Permission.ps1'.- Help for parameter 'InheritanceFlagResolved'.has a description" time="0.0216" asserts="0" success="True" result="Success" executed="True" />
                    </results>
                  </test-suite>
                  <test-suite type="ParameterizedTest" name="help for '&lt;_.Name&gt;'.- Help for parameter '&lt;_.commandParameter.Name&gt;'.has the correct [mandatory] value" executed="True" result="Success" success="True" time="0.0338" asserts="0" description="has the correct [mandatory] value">
                    <results>
                      <test-case description="has the correct [mandatory] value" name="help for 'Export-Permission.ps1'.- Help for parameter 'InheritanceFlagResolved'.has the correct [mandatory] value" time="0.0338" asserts="0" success="True" result="Success" executed="True" />
                    </results>
                  </test-suite>
                  <test-suite type="ParameterizedTest" name="help for '&lt;_.Name&gt;'.- Help for parameter '&lt;_.commandParameter.Name&gt;'.has the correct parameter type" executed="True" result="Success" success="True" time="0.0179" asserts="0" description="has the correct parameter type">
                    <results>
                      <test-case description="has the correct parameter type" name="help for 'Export-Permission.ps1'.- Help for parameter 'InheritanceFlagResolved'.has the correct parameter type" time="0.0179" asserts="0" success="True" result="Success" executed="True" />
                    </results>
                  </test-suite>
                </results>
              </test-suite>
              <test-suite type="TestFixture" name="help for 'Export-Permission.ps1'.- Help for parameter 'Interactive'" executed="True" result="Success" success="True" time="1.5675" asserts="0" description="help for 'Export-Permission.ps1'.- Help for parameter 'Interactive'">
                <results>
                  <test-suite type="ParameterizedTest" name="help for '&lt;_.Name&gt;'.- Help for parameter '&lt;_.commandParameter.Name&gt;'.has a description" executed="True" result="Success" success="True" time="0.0196" asserts="0" description="has a description">
                    <results>
                      <test-case description="has a description" name="help for 'Export-Permission.ps1'.- Help for parameter 'Interactive'.has a description" time="0.0196" asserts="0" success="True" result="Success" executed="True" />
                    </results>
                  </test-suite>
                  <test-suite type="ParameterizedTest" name="help for '&lt;_.Name&gt;'.- Help for parameter '&lt;_.commandParameter.Name&gt;'.has the correct [mandatory] value" executed="True" result="Success" success="True" time="0.0359" asserts="0" description="has the correct [mandatory] value">
                    <results>
                      <test-case description="has the correct [mandatory] value" name="help for 'Export-Permission.ps1'.- Help for parameter 'Interactive'.has the correct [mandatory] value" time="0.0359" asserts="0" success="True" result="Success" executed="True" />
                    </results>
                  </test-suite>
                  <test-suite type="ParameterizedTest" name="help for '&lt;_.Name&gt;'.- Help for parameter '&lt;_.commandParameter.Name&gt;'.has the correct parameter type" executed="True" result="Success" success="True" time="0.0132" asserts="0" description="has the correct parameter type">
                    <results>
                      <test-case description="has the correct parameter type" name="help for 'Export-Permission.ps1'.- Help for parameter 'Interactive'.has the correct parameter type" time="0.0132" asserts="0" success="True" result="Success" executed="True" />
                    </results>
                  </test-suite>
                </results>
              </test-suite>
              <test-suite type="TestFixture" name="help for 'Export-Permission.ps1'.- Help for parameter 'NoMembers'" executed="True" result="Success" success="True" time="1.6503" asserts="0" description="help for 'Export-Permission.ps1'.- Help for parameter 'NoMembers'">
                <results>
                  <test-suite type="ParameterizedTest" name="help for '&lt;_.Name&gt;'.- Help for parameter '&lt;_.commandParameter.Name&gt;'.has a description" executed="True" result="Success" success="True" time="0.0178" asserts="0" description="has a description">
                    <results>
                      <test-case description="has a description" name="help for 'Export-Permission.ps1'.- Help for parameter 'NoMembers'.has a description" time="0.0178" asserts="0" success="True" result="Success" executed="True" />
                    </results>
                  </test-suite>
                  <test-suite type="ParameterizedTest" name="help for '&lt;_.Name&gt;'.- Help for parameter '&lt;_.commandParameter.Name&gt;'.has the correct [mandatory] value" executed="True" result="Success" success="True" time="0.0369" asserts="0" description="has the correct [mandatory] value">
                    <results>
                      <test-case description="has the correct [mandatory] value" name="help for 'Export-Permission.ps1'.- Help for parameter 'NoMembers'.has the correct [mandatory] value" time="0.0369" asserts="0" success="True" result="Success" executed="True" />
                    </results>
                  </test-suite>
                  <test-suite type="ParameterizedTest" name="help for '&lt;_.Name&gt;'.- Help for parameter '&lt;_.commandParameter.Name&gt;'.has the correct parameter type" executed="True" result="Success" success="True" time="0.0162" asserts="0" description="has the correct parameter type">
                    <results>
                      <test-case description="has the correct parameter type" name="help for 'Export-Permission.ps1'.- Help for parameter 'NoMembers'.has the correct parameter type" time="0.0162" asserts="0" success="True" result="Success" executed="True" />
                    </results>
                  </test-suite>
                </results>
              </test-suite>
              <test-suite type="TestFixture" name="help for 'Export-Permission.ps1'.- Help for parameter 'NoProgress'" executed="True" result="Success" success="True" time="1.7277" asserts="0" description="help for 'Export-Permission.ps1'.- Help for parameter 'NoProgress'">
                <results>
                  <test-suite type="ParameterizedTest" name="help for '&lt;_.Name&gt;'.- Help for parameter '&lt;_.commandParameter.Name&gt;'.has a description" executed="True" result="Success" success="True" time="0.0162" asserts="0" description="has a description">
                    <results>
                      <test-case description="has a description" name="help for 'Export-Permission.ps1'.- Help for parameter 'NoProgress'.has a description" time="0.0162" asserts="0" success="True" result="Success" executed="True" />
                    </results>
                  </test-suite>
                  <test-suite type="ParameterizedTest" name="help for '&lt;_.Name&gt;'.- Help for parameter '&lt;_.commandParameter.Name&gt;'.has the correct [mandatory] value" executed="True" result="Success" success="True" time="0.0248" asserts="0" description="has the correct [mandatory] value">
                    <results>
                      <test-case description="has the correct [mandatory] value" name="help for 'Export-Permission.ps1'.- Help for parameter 'NoProgress'.has the correct [mandatory] value" time="0.0248" asserts="0" success="True" result="Success" executed="True" />
                    </results>
                  </test-suite>
                  <test-suite type="ParameterizedTest" name="help for '&lt;_.Name&gt;'.- Help for parameter '&lt;_.commandParameter.Name&gt;'.has the correct parameter type" executed="True" result="Success" success="True" time="0.0083" asserts="0" description="has the correct parameter type">
                    <results>
                      <test-case description="has the correct parameter type" name="help for 'Export-Permission.ps1'.- Help for parameter 'NoProgress'.has the correct parameter type" time="0.0083" asserts="0" success="True" result="Success" executed="True" />
                    </results>
                  </test-suite>
                </results>
              </test-suite>
              <test-suite type="TestFixture" name="help for 'Export-Permission.ps1'.- Help for parameter 'OutputDir'" executed="True" result="Success" success="True" time="1.8144" asserts="0" description="help for 'Export-Permission.ps1'.- Help for parameter 'OutputDir'">
                <results>
                  <test-suite type="ParameterizedTest" name="help for '&lt;_.Name&gt;'.- Help for parameter '&lt;_.commandParameter.Name&gt;'.has a description" executed="True" result="Success" success="True" time="0.014" asserts="0" description="has a description">
                    <results>
                      <test-case description="has a description" name="help for 'Export-Permission.ps1'.- Help for parameter 'OutputDir'.has a description" time="0.014" asserts="0" success="True" result="Success" executed="True" />
                    </results>
                  </test-suite>
                  <test-suite type="ParameterizedTest" name="help for '&lt;_.Name&gt;'.- Help for parameter '&lt;_.commandParameter.Name&gt;'.has the correct [mandatory] value" executed="True" result="Success" success="True" time="0.0293" asserts="0" description="has the correct [mandatory] value">
                    <results>
                      <test-case description="has the correct [mandatory] value" name="help for 'Export-Permission.ps1'.- Help for parameter 'OutputDir'.has the correct [mandatory] value" time="0.0293" asserts="0" success="True" result="Success" executed="True" />
                    </results>
                  </test-suite>
                  <test-suite type="ParameterizedTest" name="help for '&lt;_.Name&gt;'.- Help for parameter '&lt;_.commandParameter.Name&gt;'.has the correct parameter type" executed="True" result="Success" success="True" time="0.0137" asserts="0" description="has the correct parameter type">
                    <results>
                      <test-case description="has the correct parameter type" name="help for 'Export-Permission.ps1'.- Help for parameter 'OutputDir'.has the correct parameter type" time="0.0137" asserts="0" success="True" result="Success" executed="True" />
                    </results>
                  </test-suite>
                </results>
              </test-suite>
              <test-suite type="TestFixture" name="help for 'Export-Permission.ps1'.- Help for parameter 'OutputFormat'" executed="True" result="Success" success="True" time="1.8951" asserts="0" description="help for 'Export-Permission.ps1'.- Help for parameter 'OutputFormat'">
                <results>
                  <test-suite type="ParameterizedTest" name="help for '&lt;_.Name&gt;'.- Help for parameter '&lt;_.commandParameter.Name&gt;'.has a description" executed="True" result="Success" success="True" time="0.0141" asserts="0" description="has a description">
                    <results>
                      <test-case description="has a description" name="help for 'Export-Permission.ps1'.- Help for parameter 'OutputFormat'.has a description" time="0.0141" asserts="0" success="True" result="Success" executed="True" />
                    </results>
                  </test-suite>
                  <test-suite type="ParameterizedTest" name="help for '&lt;_.Name&gt;'.- Help for parameter '&lt;_.commandParameter.Name&gt;'.has the correct [mandatory] value" executed="True" result="Success" success="True" time="0.0313" asserts="0" description="has the correct [mandatory] value">
                    <results>
                      <test-case description="has the correct [mandatory] value" name="help for 'Export-Permission.ps1'.- Help for parameter 'OutputFormat'.has the correct [mandatory] value" time="0.0313" asserts="0" success="True" result="Success" executed="True" />
                    </results>
                  </test-suite>
                  <test-suite type="ParameterizedTest" name="help for '&lt;_.Name&gt;'.- Help for parameter '&lt;_.commandParameter.Name&gt;'.has the correct parameter type" executed="True" result="Success" success="True" time="0.0093" asserts="0" description="has the correct parameter type">
                    <results>
                      <test-case description="has the correct parameter type" name="help for 'Export-Permission.ps1'.- Help for parameter 'OutputFormat'.has the correct parameter type" time="0.0093" asserts="0" success="True" result="Success" executed="True" />
                    </results>
                  </test-suite>
                </results>
              </test-suite>
              <test-suite type="TestFixture" name="help for 'Export-Permission.ps1'.- Help for parameter 'PrtgPort'" executed="True" result="Success" success="True" time="1.9684" asserts="0" description="help for 'Export-Permission.ps1'.- Help for parameter 'PrtgPort'">
                <results>
                  <test-suite type="ParameterizedTest" name="help for '&lt;_.Name&gt;'.- Help for parameter '&lt;_.commandParameter.Name&gt;'.has a description" executed="True" result="Success" success="True" time="0.0133" asserts="0" description="has a description">
                    <results>
                      <test-case description="has a description" name="help for 'Export-Permission.ps1'.- Help for parameter 'PrtgPort'.has a description" time="0.0133" asserts="0" success="True" result="Success" executed="True" />
                    </results>
                  </test-suite>
                  <test-suite type="ParameterizedTest" name="help for '&lt;_.Name&gt;'.- Help for parameter '&lt;_.commandParameter.Name&gt;'.has the correct [mandatory] value" executed="True" result="Success" success="True" time="0.0207" asserts="0" description="has the correct [mandatory] value">
                    <results>
                      <test-case description="has the correct [mandatory] value" name="help for 'Export-Permission.ps1'.- Help for parameter 'PrtgPort'.has the correct [mandatory] value" time="0.0207" asserts="0" success="True" result="Success" executed="True" />
                    </results>
                  </test-suite>
                  <test-suite type="ParameterizedTest" name="help for '&lt;_.Name&gt;'.- Help for parameter '&lt;_.commandParameter.Name&gt;'.has the correct parameter type" executed="True" result="Success" success="True" time="0.0135" asserts="0" description="has the correct parameter type">
                    <results>
                      <test-case description="has the correct parameter type" name="help for 'Export-Permission.ps1'.- Help for parameter 'PrtgPort'.has the correct parameter type" time="0.0135" asserts="0" success="True" result="Success" executed="True" />
                    </results>
                  </test-suite>
                </results>
              </test-suite>
              <test-suite type="TestFixture" name="help for 'Export-Permission.ps1'.- Help for parameter 'PrtgProbe'" executed="True" result="Success" success="True" time="2.1263" asserts="0" description="help for 'Export-Permission.ps1'.- Help for parameter 'PrtgProbe'">
                <results>
                  <test-suite type="ParameterizedTest" name="help for '&lt;_.Name&gt;'.- Help for parameter '&lt;_.commandParameter.Name&gt;'.has a description" executed="True" result="Success" success="True" time="0.0157" asserts="0" description="has a description">
                    <results>
                      <test-case description="has a description" name="help for 'Export-Permission.ps1'.- Help for parameter 'PrtgProbe'.has a description" time="0.0157" asserts="0" success="True" result="Success" executed="True" />
                    </results>
                  </test-suite>
                  <test-suite type="ParameterizedTest" name="help for '&lt;_.Name&gt;'.- Help for parameter '&lt;_.commandParameter.Name&gt;'.has the correct [mandatory] value" executed="True" result="Success" success="True" time="0.082" asserts="0" description="has the correct [mandatory] value">
                    <results>
                      <test-case description="has the correct [mandatory] value" name="help for 'Export-Permission.ps1'.- Help for parameter 'PrtgProbe'.has the correct [mandatory] value" time="0.082" asserts="0" success="True" result="Success" executed="True" />
                    </results>
                  </test-suite>
                  <test-suite type="ParameterizedTest" name="help for '&lt;_.Name&gt;'.- Help for parameter '&lt;_.commandParameter.Name&gt;'.has the correct parameter type" executed="True" result="Success" success="True" time="0.0184" asserts="0" description="has the correct parameter type">
                    <results>
                      <test-case description="has the correct parameter type" name="help for 'Export-Permission.ps1'.- Help for parameter 'PrtgProbe'.has the correct parameter type" time="0.0184" asserts="0" success="True" result="Success" executed="True" />
                    </results>
                  </test-suite>
                </results>
              </test-suite>
              <test-suite type="TestFixture" name="help for 'Export-Permission.ps1'.- Help for parameter 'PrtgProtocol'" executed="True" result="Success" success="True" time="2.2091" asserts="0" description="help for 'Export-Permission.ps1'.- Help for parameter 'PrtgProtocol'">
                <results>
                  <test-suite type="ParameterizedTest" name="help for '&lt;_.Name&gt;'.- Help for parameter '&lt;_.commandParameter.Name&gt;'.has a description" executed="True" result="Success" success="True" time="0.0141" asserts="0" description="has a description">
                    <results>
                      <test-case description="has a description" name="help for 'Export-Permission.ps1'.- Help for parameter 'PrtgProtocol'.has a description" time="0.0141" asserts="0" success="True" result="Success" executed="True" />
                    </results>
                  </test-suite>
                  <test-suite type="ParameterizedTest" name="help for '&lt;_.Name&gt;'.- Help for parameter '&lt;_.commandParameter.Name&gt;'.has the correct [mandatory] value" executed="True" result="Success" success="True" time="0.0152" asserts="0" description="has the correct [mandatory] value">
                    <results>
                      <test-case description="has the correct [mandatory] value" name="help for 'Export-Permission.ps1'.- Help for parameter 'PrtgProtocol'.has the correct [mandatory] value" time="0.0152" asserts="0" success="True" result="Success" executed="True" />
                    </results>
                  </test-suite>
                  <test-suite type="ParameterizedTest" name="help for '&lt;_.Name&gt;'.- Help for parameter '&lt;_.commandParameter.Name&gt;'.has the correct parameter type" executed="True" result="Success" success="True" time="0.0237" asserts="0" description="has the correct parameter type">
                    <results>
                      <test-case description="has the correct parameter type" name="help for 'Export-Permission.ps1'.- Help for parameter 'PrtgProtocol'.has the correct parameter type" time="0.0237" asserts="0" success="True" result="Success" executed="True" />
                    </results>
                  </test-suite>
                </results>
              </test-suite>
              <test-suite type="TestFixture" name="help for 'Export-Permission.ps1'.- Help for parameter 'PrtgToken'" executed="True" result="Success" success="True" time="2.2829" asserts="0" description="help for 'Export-Permission.ps1'.- Help for parameter 'PrtgToken'">
                <results>
                  <test-suite type="ParameterizedTest" name="help for '&lt;_.Name&gt;'.- Help for parameter '&lt;_.commandParameter.Name&gt;'.has a description" executed="True" result="Success" success="True" time="0.0319" asserts="0" description="has a description">
                    <results>
                      <test-case description="has a description" name="help for 'Export-Permission.ps1'.- Help for parameter 'PrtgToken'.has a description" time="0.0319" asserts="0" success="True" result="Success" executed="True" />
                    </results>
                  </test-suite>
                  <test-suite type="ParameterizedTest" name="help for '&lt;_.Name&gt;'.- Help for parameter '&lt;_.commandParameter.Name&gt;'.has the correct [mandatory] value" executed="True" result="Success" success="True" time="0.0124" asserts="0" description="has the correct [mandatory] value">
                    <results>
                      <test-case description="has the correct [mandatory] value" name="help for 'Export-Permission.ps1'.- Help for parameter 'PrtgToken'.has the correct [mandatory] value" time="0.0124" asserts="0" success="True" result="Success" executed="True" />
                    </results>
                  </test-suite>
                  <test-suite type="ParameterizedTest" name="help for '&lt;_.Name&gt;'.- Help for parameter '&lt;_.commandParameter.Name&gt;'.has the correct parameter type" executed="True" result="Success" success="True" time="0.0178" asserts="0" description="has the correct parameter type">
                    <results>
                      <test-case description="has the correct parameter type" name="help for 'Export-Permission.ps1'.- Help for parameter 'PrtgToken'.has the correct parameter type" time="0.0178" asserts="0" success="True" result="Success" executed="True" />
                    </results>
                  </test-suite>
                </results>
              </test-suite>
              <test-suite type="TestFixture" name="help for 'Export-Permission.ps1'.- Help for parameter 'RecurseDepth'" executed="True" result="Success" success="True" time="2.3723" asserts="0" description="help for 'Export-Permission.ps1'.- Help for parameter 'RecurseDepth'">
                <results>
                  <test-suite type="ParameterizedTest" name="help for '&lt;_.Name&gt;'.- Help for parameter '&lt;_.commandParameter.Name&gt;'.has a description" executed="True" result="Success" success="True" time="0.0268" asserts="0" description="has a description">
                    <results>
                      <test-case description="has a description" name="help for 'Export-Permission.ps1'.- Help for parameter 'RecurseDepth'.has a description" time="0.0268" asserts="0" success="True" result="Success" executed="True" />
                    </results>
                  </test-suite>
                  <test-suite type="ParameterizedTest" name="help for '&lt;_.Name&gt;'.- Help for parameter '&lt;_.commandParameter.Name&gt;'.has the correct [mandatory] value" executed="True" result="Success" success="True" time="0.0146" asserts="0" description="has the correct [mandatory] value">
                    <results>
                      <test-case description="has the correct [mandatory] value" name="help for 'Export-Permission.ps1'.- Help for parameter 'RecurseDepth'.has the correct [mandatory] value" time="0.0146" asserts="0" success="True" result="Success" executed="True" />
                    </results>
                  </test-suite>
                  <test-suite type="ParameterizedTest" name="help for '&lt;_.Name&gt;'.- Help for parameter '&lt;_.commandParameter.Name&gt;'.has the correct parameter type" executed="True" result="Success" success="True" time="0.0334" asserts="0" description="has the correct parameter type">
                    <results>
                      <test-case description="has the correct parameter type" name="help for 'Export-Permission.ps1'.- Help for parameter 'RecurseDepth'.has the correct parameter type" time="0.0334" asserts="0" success="True" result="Success" executed="True" />
                    </results>
                  </test-suite>
                </results>
              </test-suite>
              <test-suite type="TestFixture" name="help for 'Export-Permission.ps1'.- Help for parameter 'SplitBy'" executed="True" result="Success" success="True" time="2.5611" asserts="0" description="help for 'Export-Permission.ps1'.- Help for parameter 'SplitBy'">
                <results>
                  <test-suite type="ParameterizedTest" name="help for '&lt;_.Name&gt;'.- Help for parameter '&lt;_.commandParameter.Name&gt;'.has a description" executed="True" result="Success" success="True" time="0.0493" asserts="0" description="has a description">
                    <results>
                      <test-case description="has a description" name="help for 'Export-Permission.ps1'.- Help for parameter 'SplitBy'.has a description" time="0.0493" asserts="0" success="True" result="Success" executed="True" />
                    </results>
                  </test-suite>
                  <test-suite type="ParameterizedTest" name="help for '&lt;_.Name&gt;'.- Help for parameter '&lt;_.commandParameter.Name&gt;'.has the correct [mandatory] value" executed="True" result="Success" success="True" time="0.0332" asserts="0" description="has the correct [mandatory] value">
                    <results>
                      <test-case description="has the correct [mandatory] value" name="help for 'Export-Permission.ps1'.- Help for parameter 'SplitBy'.has the correct [mandatory] value" time="0.0332" asserts="0" success="True" result="Success" executed="True" />
                    </results>
                  </test-suite>
                  <test-suite type="ParameterizedTest" name="help for '&lt;_.Name&gt;'.- Help for parameter '&lt;_.commandParameter.Name&gt;'.has the correct parameter type" executed="True" result="Success" success="True" time="0.0842" asserts="0" description="has the correct parameter type">
                    <results>
                      <test-case description="has the correct parameter type" name="help for 'Export-Permission.ps1'.- Help for parameter 'SplitBy'.has the correct parameter type" time="0.0842" asserts="0" success="True" result="Success" executed="True" />
                    </results>
                  </test-suite>
                </results>
              </test-suite>
              <test-suite type="TestFixture" name="help for 'Export-Permission.ps1'.- Help for parameter 'TargetPath'" executed="True" result="Success" success="True" time="2.6648" asserts="0" description="help for 'Export-Permission.ps1'.- Help for parameter 'TargetPath'">
                <results>
                  <test-suite type="ParameterizedTest" name="help for '&lt;_.Name&gt;'.- Help for parameter '&lt;_.commandParameter.Name&gt;'.has a description" executed="True" result="Success" success="True" time="0.0436" asserts="0" description="has a description">
                    <results>
                      <test-case description="has a description" name="help for 'Export-Permission.ps1'.- Help for parameter 'TargetPath'.has a description" time="0.0436" asserts="0" success="True" result="Success" executed="True" />
                    </results>
                  </test-suite>
                  <test-suite type="ParameterizedTest" name="help for '&lt;_.Name&gt;'.- Help for parameter '&lt;_.commandParameter.Name&gt;'.has the correct [mandatory] value" executed="True" result="Success" success="True" time="0.0133" asserts="0" description="has the correct [mandatory] value">
                    <results>
                      <test-case description="has the correct [mandatory] value" name="help for 'Export-Permission.ps1'.- Help for parameter 'TargetPath'.has the correct [mandatory] value" time="0.0133" asserts="0" success="True" result="Success" executed="True" />
                    </results>
                  </test-suite>
                  <test-suite type="ParameterizedTest" name="help for '&lt;_.Name&gt;'.- Help for parameter '&lt;_.commandParameter.Name&gt;'.has the correct parameter type" executed="True" result="Success" success="True" time="0.0351" asserts="0" description="has the correct parameter type">
                    <results>
                      <test-case description="has the correct parameter type" name="help for 'Export-Permission.ps1'.- Help for parameter 'TargetPath'.has the correct parameter type" time="0.0351" asserts="0" success="True" result="Success" executed="True" />
                    </results>
                  </test-suite>
                </results>
              </test-suite>
              <test-suite type="TestFixture" name="help for 'Export-Permission.ps1'.- Help for parameter 'ThreadCount'" executed="True" result="Success" success="True" time="2.7251" asserts="0" description="help for 'Export-Permission.ps1'.- Help for parameter 'ThreadCount'">
                <results>
                  <test-suite type="ParameterizedTest" name="help for '&lt;_.Name&gt;'.- Help for parameter '&lt;_.commandParameter.Name&gt;'.has a description" executed="True" result="Success" success="True" time="0.0111" asserts="0" description="has a description">
                    <results>
                      <test-case description="has a description" name="help for 'Export-Permission.ps1'.- Help for parameter 'ThreadCount'.has a description" time="0.0111" asserts="0" success="True" result="Success" executed="True" />
                    </results>
                  </test-suite>
                  <test-suite type="ParameterizedTest" name="help for '&lt;_.Name&gt;'.- Help for parameter '&lt;_.commandParameter.Name&gt;'.has the correct [mandatory] value" executed="True" result="Success" success="True" time="0.0251" asserts="0" description="has the correct [mandatory] value">
                    <results>
                      <test-case description="has the correct [mandatory] value" name="help for 'Export-Permission.ps1'.- Help for parameter 'ThreadCount'.has the correct [mandatory] value" time="0.0251" asserts="0" success="True" result="Success" executed="True" />
                    </results>
                  </test-suite>
                  <test-suite type="ParameterizedTest" name="help for '&lt;_.Name&gt;'.- Help for parameter '&lt;_.commandParameter.Name&gt;'.has the correct parameter type" executed="True" result="Success" success="True" time="0.0087" asserts="0" description="has the correct parameter type">
                    <results>
                      <test-case description="has the correct parameter type" name="help for 'Export-Permission.ps1'.- Help for parameter 'ThreadCount'.has the correct parameter type" time="0.0087" asserts="0" success="True" result="Success" executed="True" />
                    </results>
                  </test-suite>
                </results>
              </test-suite>
              <test-suite type="TestFixture" name="help for 'Export-Permission.ps1'.- Help for parameter 'Title'" executed="True" result="Success" success="True" time="2.7946" asserts="0" description="help for 'Export-Permission.ps1'.- Help for parameter 'Title'">
                <results>
                  <test-suite type="ParameterizedTest" name="help for '&lt;_.Name&gt;'.- Help for parameter '&lt;_.commandParameter.Name&gt;'.has a description" executed="True" result="Success" success="True" time="0.0111" asserts="0" description="has a description">
                    <results>
                      <test-case description="has a description" name="help for 'Export-Permission.ps1'.- Help for parameter 'Title'.has a description" time="0.0111" asserts="0" success="True" result="Success" executed="True" />
                    </results>
                  </test-suite>
                  <test-suite type="ParameterizedTest" name="help for '&lt;_.Name&gt;'.- Help for parameter '&lt;_.commandParameter.Name&gt;'.has the correct [mandatory] value" executed="True" result="Success" success="True" time="0.0207" asserts="0" description="has the correct [mandatory] value">
                    <results>
                      <test-case description="has the correct [mandatory] value" name="help for 'Export-Permission.ps1'.- Help for parameter 'Title'.has the correct [mandatory] value" time="0.0207" asserts="0" success="True" result="Success" executed="True" />
                    </results>
                  </test-suite>
                  <test-suite type="ParameterizedTest" name="help for '&lt;_.Name&gt;'.- Help for parameter '&lt;_.commandParameter.Name&gt;'.has the correct parameter type" executed="True" result="Success" success="True" time="0.01" asserts="0" description="has the correct parameter type">
                    <results>
                      <test-case description="has the correct parameter type" name="help for 'Export-Permission.ps1'.- Help for parameter 'Title'.has the correct parameter type" time="0.01" asserts="0" success="True" result="Success" executed="True" />
                    </results>
                  </test-suite>
                </results>
              </test-suite>
              <test-suite type="TestFixture" name="help for 'Export-Permission.ps1'.- Extraneous Parameters in Help" executed="True" result="Success" success="True" time="3.2057" asserts="0" description="help for 'Export-Permission.ps1'.- Extraneous Parameters in Help">
                <results>
                  <test-suite type="ParameterizedTest" name="help for '&lt;_.Name&gt;'.- Extraneous Parameters in Help. Parameter found in the Help docs also exists in the code: &lt;helpParameter.Name&gt;" executed="True" result="Success" success="True" time="0.3804" asserts="0" description=" Parameter found in the Help docs also exists in the code: &lt;helpParameter.Name&gt;">
                    <results>
                      <test-case description=" Parameter found in the Help docs also exists in the code: AccountConvention" name="help for 'Export-Permission.ps1'.- Extraneous Parameters in Help. Parameter found in the Help docs also exists in the code: AccountConvention" time="0.0523" asserts="0" success="True" result="Success" executed="True" />
                      <test-case description=" Parameter found in the Help docs also exists in the code: Detail" name="help for 'Export-Permission.ps1'.- Extraneous Parameters in Help. Parameter found in the Help docs also exists in the code: Detail" time="0.0201" asserts="0" success="True" result="Success" executed="True" />
                      <test-case description=" Parameter found in the Help docs also exists in the code: ExcludeAccount" name="help for 'Export-Permission.ps1'.- Extraneous Parameters in Help. Parameter found in the Help docs also exists in the code: ExcludeAccount" time="0.01" asserts="0" success="True" result="Success" executed="True" />
                      <test-case description=" Parameter found in the Help docs also exists in the code: ExcludeClass" name="help for 'Export-Permission.ps1'.- Extraneous Parameters in Help. Parameter found in the Help docs also exists in the code: ExcludeClass" time="0.02" asserts="0" success="True" result="Success" executed="True" />
                      <test-case description=" Parameter found in the Help docs also exists in the code: FileFormat" name="help for 'Export-Permission.ps1'.- Extraneous Parameters in Help. Parameter found in the Help docs also exists in the code: FileFormat" time="0.0119" asserts="0" success="True" result="Success" executed="True" />
                      <test-case description=" Parameter found in the Help docs also exists in the code: GroupBy" name="help for 'Export-Permission.ps1'.- Extraneous Parameters in Help. Parameter found in the Help docs also exists in the code: GroupBy" time="0.0079" asserts="0" success="True" result="Success" executed="True" />
                      <test-case description=" Parameter found in the Help docs also exists in the code: IgnoreDomain" name="help for 'Export-Permission.ps1'.- Extraneous Parameters in Help. Parameter found in the Help docs also exists in the code: IgnoreDomain" time="0.0217" asserts="0" success="True" result="Success" executed="True" />
                      <test-case description=" Parameter found in the Help docs also exists in the code: IncludeAccount" name="help for 'Export-Permission.ps1'.- Extraneous Parameters in Help. Parameter found in the Help docs also exists in the code: IncludeAccount" time="0.0126" asserts="0" success="True" result="Success" executed="True" />
                      <test-case description=" Parameter found in the Help docs also exists in the code: InheritanceFlagResolved" name="help for 'Export-Permission.ps1'.- Extraneous Parameters in Help. Parameter found in the Help docs also exists in the code: InheritanceFlagResolved" time="0.0237" asserts="0" success="True" result="Success" executed="True" />
                      <test-case description=" Parameter found in the Help docs also exists in the code: Interactive" name="help for 'Export-Permission.ps1'.- Extraneous Parameters in Help. Parameter found in the Help docs also exists in the code: Interactive" time="0.0123" asserts="0" success="True" result="Success" executed="True" />
                      <test-case description=" Parameter found in the Help docs also exists in the code: NoMembers" name="help for 'Export-Permission.ps1'.- Extraneous Parameters in Help. Parameter found in the Help docs also exists in the code: NoMembers" time="0.0306" asserts="0" success="True" result="Success" executed="True" />
                      <test-case description=" Parameter found in the Help docs also exists in the code: NoProgress" name="help for 'Export-Permission.ps1'.- Extraneous Parameters in Help. Parameter found in the Help docs also exists in the code: NoProgress" time="0.0073" asserts="0" success="True" result="Success" executed="True" />
                      <test-case description=" Parameter found in the Help docs also exists in the code: OutputDir" name="help for 'Export-Permission.ps1'.- Extraneous Parameters in Help. Parameter found in the Help docs also exists in the code: OutputDir" time="0.0185" asserts="0" success="True" result="Success" executed="True" />
                      <test-case description=" Parameter found in the Help docs also exists in the code: OutputFormat" name="help for 'Export-Permission.ps1'.- Extraneous Parameters in Help. Parameter found in the Help docs also exists in the code: OutputFormat" time="0.0093" asserts="0" success="True" result="Success" executed="True" />
                      <test-case description=" Parameter found in the Help docs also exists in the code: PrtgPort" name="help for 'Export-Permission.ps1'.- Extraneous Parameters in Help. Parameter found in the Help docs also exists in the code: PrtgPort" time="0.0187" asserts="0" success="True" result="Success" executed="True" />
                      <test-case description=" Parameter found in the Help docs also exists in the code: PrtgProbe" name="help for 'Export-Permission.ps1'.- Extraneous Parameters in Help. Parameter found in the Help docs also exists in the code: PrtgProbe" time="0.0062" asserts="0" success="True" result="Success" executed="True" />
                      <test-case description=" Parameter found in the Help docs also exists in the code: PrtgProtocol" name="help for 'Export-Permission.ps1'.- Extraneous Parameters in Help. Parameter found in the Help docs also exists in the code: PrtgProtocol" time="0.0105" asserts="0" success="True" result="Success" executed="True" />
                      <test-case description=" Parameter found in the Help docs also exists in the code: PrtgToken" name="help for 'Export-Permission.ps1'.- Extraneous Parameters in Help. Parameter found in the Help docs also exists in the code: PrtgToken" time="0.0178" asserts="0" success="True" result="Success" executed="True" />
                      <test-case description=" Parameter found in the Help docs also exists in the code: RecurseDepth" name="help for 'Export-Permission.ps1'.- Extraneous Parameters in Help. Parameter found in the Help docs also exists in the code: RecurseDepth" time="0.0084" asserts="0" success="True" result="Success" executed="True" />
                      <test-case description=" Parameter found in the Help docs also exists in the code: SplitBy" name="help for 'Export-Permission.ps1'.- Extraneous Parameters in Help. Parameter found in the Help docs also exists in the code: SplitBy" time="0.0171" asserts="0" success="True" result="Success" executed="True" />
                      <test-case description=" Parameter found in the Help docs also exists in the code: TargetPath" name="help for 'Export-Permission.ps1'.- Extraneous Parameters in Help. Parameter found in the Help docs also exists in the code: TargetPath" time="0.0094" asserts="0" success="True" result="Success" executed="True" />
                      <test-case description=" Parameter found in the Help docs also exists in the code: ThreadCount" name="help for 'Export-Permission.ps1'.- Extraneous Parameters in Help. Parameter found in the Help docs also exists in the code: ThreadCount" time="0.0249" asserts="0" success="True" result="Success" executed="True" />
                      <test-case description=" Parameter found in the Help docs also exists in the code: Title" name="help for 'Export-Permission.ps1'.- Extraneous Parameters in Help. Parameter found in the Help docs also exists in the code: Title" time="0.0092" asserts="0" success="True" result="Success" executed="True" />
                    </results>
                  </test-suite>
                </results>
              </test-suite>
              <test-suite type="ParameterizedTest" name="help for '&lt;_.Name&gt;'. Exists" executed="True" result="Success" success="True" time="0.0316" asserts="0" description=" Exists">
                <results>
                  <test-case description=" Exists" name="help for 'Export-Permission.ps1'. Exists" time="0.0316" asserts="0" success="True" result="Success" executed="True" />
                </results>
              </test-suite>
              <test-suite type="ParameterizedTest" name="help for '&lt;_.Name&gt;'. Is not auto-generated, or for a conceptual help article" executed="True" result="Success" success="True" time="0.0483" asserts="0" description=" Is not auto-generated, or for a conceptual help article">
                <results>
                  <test-case description=" Is not auto-generated, or for a conceptual help article" name="help for 'Export-Permission.ps1'. Is not auto-generated, or for a conceptual help article" time="0.0483" asserts="0" success="True" result="Success" executed="True" />
                </results>
              </test-suite>
              <test-suite type="ParameterizedTest" name="help for '&lt;_.Name&gt;'. Has a description" executed="True" result="Success" success="True" time="0.0327" asserts="0" description=" Has a description">
                <results>
                  <test-case description=" Has a description" name="help for 'Export-Permission.ps1'. Has a description" time="0.0327" asserts="0" success="True" result="Success" executed="True" />
                </results>
              </test-suite>
              <test-suite type="ParameterizedTest" name="help for '&lt;_.Name&gt;'. Has example code" executed="True" result="Success" success="True" time="0.0376" asserts="0" description=" Has example code">
                <results>
                  <test-case description=" Has example code" name="help for 'Export-Permission.ps1'. Has example code" time="0.0376" asserts="0" success="True" result="Success" executed="True" />
                </results>
              </test-suite>
              <test-suite type="ParameterizedTest" name="help for '&lt;_.Name&gt;'. Has example help" executed="True" result="Success" success="True" time="0.0485" asserts="0" description=" Has example help">
                <results>
                  <test-case description=" Has example help" name="help for 'Export-Permission.ps1'. Has example help" time="0.0485" asserts="0" success="True" result="Success" executed="True" />
                </results>
              </test-suite>
              <test-suite type="ParameterizedTest" name="help for '&lt;_.Name&gt;'. Has a valid link URL '&lt;commandHelp.relatedLinks.navigationLink.uri&gt;'" executed="True" result="Failure" success="False" time="0.165" asserts="0" description=" Has a valid link URL '&lt;commandHelp.relatedLinks.navigationLink.uri&gt;'">
                <results>
                  <test-case description=" Has a valid link URL ''" name="help for 'Export-Permission.ps1'. Has a valid link URL ''" time="0.165" asserts="0" success="False" result="Failure" executed="True">
                    <failure>
                      <message>ValidationMetadataException: The argument is null or empty. Provide an argument that is not null or empty, and then try the command again.
ParameterBindingValidationException: Cannot validate argument on parameter 'Uri'. The argument is null or empty. Provide an argument that is not null or empty, and then try the command again.</message>
                      <stack-trace>at &lt;ScriptBlock&gt;, E:\Owner\Documents\Google Drive\Programs\Scripts\PowerShell\Export-Permission\tests\SourceCode.tests.ps1:252</stack-trace>
                    </failure>
                  </test-case>
                </results>
              </test-suite>
            </results>
          </test-suite>
        </results>
      </test-suite>
    </results>
  </test-suite>
</test-results>